<?xml version="1.0" encoding="UTF-8"?>
<testng-results skipped="0" failed="0" total="1" passed="1">
  <reporter-output>
  </reporter-output>
  <suite name="Surefire suite" duration-ms="20505" started-at="2018-12-21T11:48:13Z" finished-at="2018-12-21T11:48:33Z">
    <groups>
    </groups>
    <test name="Surefire test" duration-ms="20505" started-at="2018-12-21T11:48:13Z" finished-at="2018-12-21T11:48:33Z">
      <class name="com.amazon.Tests.HomeTest">
        <test-method status="PASS" signature="beforeClass()" name="beforeClass" is-config="true" duration-ms="9845" started-at="2018-12-21T11:48:13Z" finished-at="2018-12-21T11:48:22Z">
        </test-method>
        <test-method status="PASS" signature="loginTest()" name="loginTest" duration-ms="10653" started-at="2018-12-21T11:48:22Z" finished-at="2018-12-21T11:48:33Z">
        </test-method>
        <test-method status="PASS" signature="afterClass()" name="afterClass" is-config="true" duration-ms="0" started-at="2018-12-21T11:48:33Z" finished-at="2018-12-21T11:48:33Z">
        </test-method>
      </class>
    </test>
  </suite>
</testng-results>
