<?xml version="1.0" encoding="UTF-8"?>
<testng-results skipped="0" failed="0" total="1" passed="1">
  <reporter-output>
  </reporter-output>
  <suite name="Suite" duration-ms="16805" started-at="2019-05-19T18:15:01Z" finished-at="2019-05-19T18:15:18Z">
    <groups>
    </groups>
    <test name="Test" duration-ms="16805" started-at="2019-05-19T18:15:01Z" finished-at="2019-05-19T18:15:18Z">
      <class name="com.amazon.Tests.HomeTest">
        <test-method status="PASS" signature="beforeClass()" name="beforeClass" is-config="true" duration-ms="11" started-at="2019-05-19T18:15:01Z" finished-at="2019-05-19T18:15:01Z">
        </test-method>
        <test-method status="PASS" signature="loginTest()" name="loginTest" duration-ms="16782" started-at="2019-05-19T18:15:01Z" finished-at="2019-05-19T18:15:18Z">
        </test-method>
        <test-method status="PASS" signature="afterClass()" name="afterClass" is-config="true" duration-ms="1" started-at="2019-05-19T18:15:18Z" finished-at="2019-05-19T18:15:18Z">
        </test-method>
      </class>
    </test>
  </suite>
</testng-results>
